13:50:05 INFO  : Registering command handlers for SDK TCF services
13:50:05 INFO  : Launching XSCT server: xsct.bat -interactive C:\Users\haighcam\ECE532\sdk\temp_xsdb_launch_script.tcl
13:50:07 INFO  : XSCT server has started successfully.
13:50:08 INFO  : Successfully done setting XSCT server connection channel  
13:50:08 INFO  : Successfully done setting SDK workspace  
13:50:08 INFO  : Processing command line option -hwspec C:/Users/haighcam/ECE532/hw/design_1_wrapper.hdf.
13:51:01 ERROR : Failed to closesw "C:/Users/haighcam/ECE532/sdk/client_bsp/system.mss"
Reason: Cannot close sw design 'C:/Users/haighcam/ECE532/sdk/client_bsp/system.mss'.
Design is not opened in the current session.


13:51:18 INFO  : No changes in MSS file content so not generating sources.
13:51:35 ERROR : Failed to regenerate sources for BSP project client_bsp
org.eclipse.core.internal.resources.ResourceException: Problems encountered while deleting resources.
	at org.eclipse.core.internal.resources.Resource.delete(Resource.java:795)
	at org.eclipse.core.internal.resources.Resource.delete(Resource.java:750)
	at com.xilinx.sdk.sw.ui.handlers.RegenBspSourcesHandler.internalGenerateBsp(RegenBspSourcesHandler.java:170)
	at com.xilinx.sdk.sw.ui.handlers.RegenBspSourcesHandler.access$2(RegenBspSourcesHandler.java:163)
	at com.xilinx.sdk.sw.ui.handlers.RegenBspSourcesHandler$1$1.run(RegenBspSourcesHandler.java:131)
	at org.eclipse.core.internal.resources.Workspace.run(Workspace.java:2240)
	at org.eclipse.core.internal.resources.Workspace.run(Workspace.java:2267)
	at com.xilinx.sdk.sw.ui.handlers.RegenBspSourcesHandler$1.run(RegenBspSourcesHandler.java:135)
	at org.eclipse.jface.operation.ModalContext$ModalContextThread.run(ModalContext.java:119)
Contains: Could not delete '/client_bsp/microblaze_0'.
org.eclipse.core.internal.resources.ResourceException: Problems encountered while deleting resources.
	at org.eclipse.core.internal.localstore.FileSystemResourceManager.delete(FileSystemResourceManager.java:370)
	at org.eclipse.core.internal.resources.ResourceTree.internalDeleteFolder(ResourceTree.java:358)
	at org.eclipse.core.internal.resources.ResourceTree.standardDeleteFolder(ResourceTree.java:810)
	at org.eclipse.core.internal.resources.Resource.unprotectedDelete(Resource.java:1832)
	at org.eclipse.core.internal.resources.Resource.delete(Resource.java:782)
	at org.eclipse.core.internal.resources.Resource.delete(Resource.java:750)
	at com.xilinx.sdk.sw.ui.handlers.RegenBspSourcesHandler.internalGenerateBsp(RegenBspSourcesHandler.java:170)
	at com.xilinx.sdk.sw.ui.handlers.RegenBspSourcesHandler.access$2(RegenBspSourcesHandler.java:163)
	at com.xilinx.sdk.sw.ui.handlers.RegenBspSourcesHandler$1$1.run(RegenBspSourcesHandler.java:131)
	at org.eclipse.core.internal.resources.Workspace.run(Workspace.java:2240)
	at org.eclipse.core.internal.resources.Workspace.run(Workspace.java:2267)
	at com.xilinx.sdk.sw.ui.handlers.RegenBspSourcesHandler$1.run(RegenBspSourcesHandler.java:135)
	at org.eclipse.jface.operation.ModalContext$ModalContextThread.run(ModalContext.java:119)
Contains: Problems encountered while deleting files.
Contains: Could not delete: C:\Users\haighcam\ECE532\sdk\client_bsp\microblaze_0\include\lwip\nd6.h.
java.nio.file.FileSystemException: C:\Users\haighcam\ECE532\sdk\client_bsp\microblaze_0\include\lwip\nd6.h: The process cannot access the file because it is being used by another process.

	at sun.nio.fs.WindowsException.translateToIOException(WindowsException.java:86)
	at sun.nio.fs.WindowsException.rethrowAsIOException(WindowsException.java:97)
	at sun.nio.fs.WindowsException.rethrowAsIOException(WindowsException.java:102)
	at sun.nio.fs.WindowsFileSystemProvider.implDelete(WindowsFileSystemProvider.java:269)
	at sun.nio.fs.AbstractFileSystemProvider.deleteIfExists(AbstractFileSystemProvider.java:108)
	at java.nio.file.Files.deleteIfExists(Files.java:1165)
	at org.eclipse.core.internal.filesystem.local.LocalFile.internalDelete(LocalFile.java:218)
	at org.eclipse.core.internal.filesystem.local.LocalFile.internalDelete(LocalFile.java:238)
	at org.eclipse.core.internal.filesystem.local.LocalFile.internalDelete(LocalFile.java:238)
	at org.eclipse.core.internal.filesystem.local.LocalFile.internalDelete(LocalFile.java:238)
	at org.eclipse.core.internal.filesystem.local.LocalFile.delete(LocalFile.java:136)
	at org.eclipse.core.internal.localstore.DeleteVisitor.delete(DeleteVisitor.java:63)
	at org.eclipse.core.internal.localstore.DeleteVisitor.visit(DeleteVisitor.java:151)
	at org.eclipse.core.internal.localstore.UnifiedTree.accept(UnifiedTree.java:111)
	at org.eclipse.core.internal.localstore.FileSystemResourceManager.delete(FileSystemResourceManager.java:367)
	at org.eclipse.core.internal.resources.ResourceTree.internalDeleteFolder(ResourceTree.java:358)
	at org.eclipse.core.internal.resources.ResourceTree.standardDeleteFolder(ResourceTree.java:810)
	at org.eclipse.core.internal.resources.Resource.unprotectedDelete(Resource.java:1832)
	at org.eclipse.core.internal.resources.Resource.delete(Resource.java:782)
	at org.eclipse.core.internal.resources.Resource.delete(Resource.java:750)
	at com.xilinx.sdk.sw.ui.handlers.RegenBspSourcesHandler.internalGenerateBsp(RegenBspSourcesHandler.java:170)
	at com.xilinx.sdk.sw.ui.handlers.RegenBspSourcesHandler.access$2(RegenBspSourcesHandler.java:163)
	at com.xilinx.sdk.sw.ui.handlers.RegenBspSourcesHandler$1$1.run(RegenBspSourcesHandler.java:131)
	at org.eclipse.core.internal.resources.Workspace.run(Workspace.java:2240)
	at org.eclipse.core.internal.resources.Workspace.run(Workspace.java:2267)
	at com.xilinx.sdk.sw.ui.handlers.RegenBspSourcesHandler$1.run(RegenBspSourcesHandler.java:135)
	at org.eclipse.jface.operation.ModalContext$ModalContextThread.run(ModalContext.java:119)
Contains: Could not delete: C:\Users\haighcam\ECE532\sdk\client_bsp\microblaze_0\include\lwip.
Contains: Could not delete: C:\Users\haighcam\ECE532\sdk\client_bsp\microblaze_0\include.
Contains: Could not delete: C:\Users\haighcam\ECE532\sdk\client_bsp\microblaze_0.
21:48:14 INFO  : Registering command handlers for SDK TCF services
21:48:14 INFO  : Launching XSCT server: xsct.bat -interactive C:\Users\haighcam\ECE532\sdk\temp_xsdb_launch_script.tcl
21:48:16 INFO  : XSCT server has started successfully.
21:48:16 INFO  : Successfully done setting XSCT server connection channel  
21:48:17 INFO  : Successfully done setting SDK workspace  
21:48:17 INFO  : Processing command line option -hwspec C:/Users/haighcam/ECE532/hw/design_1_wrapper.hdf.
21:48:17 INFO  : Checking for hwspec changes in the project design_1_wrapper_hw_platform_0.
21:48:20 INFO  : SDK has detected change in the last modified timestamps for source hardware specification file Source:1647949438000,  Project:1647963838315
21:48:20 INFO  : The hardware specification for project 'design_1_wrapper_hw_platform_0' is different from C:/Users/haighcam/ECE532/hw/design_1_wrapper.hdf.
21:48:30 INFO  : Copied contents of C:/Users/haighcam/ECE532/hw/design_1_wrapper.hdf into \design_1_wrapper_hw_platform_0\system.hdf.
21:48:36 INFO  : Synchronizing projects in the workspace with the hardware platform specification changes.
21:48:41 INFO  : 
21:48:42 INFO  : Updating hardware inferred compiler options for client.
21:48:42 INFO  : Clearing existing target manager status.
21:49:16 INFO  : Registering command handlers for SDK TCF services
21:49:16 INFO  : Launching XSCT server: xsct.bat -interactive C:\Users\haighcam\ECE532\sdk\temp_xsdb_launch_script.tcl
21:49:19 INFO  : XSCT server has started successfully.
21:49:19 INFO  : Successfully done setting XSCT server connection channel  
21:49:19 INFO  : Successfully done setting SDK workspace  
21:49:19 INFO  : Processing command line option -hwspec C:/Users/haighcam/ECE532/hw/design_1_wrapper.hdf.
21:49:19 INFO  : Checking for hwspec changes in the project design_1_wrapper_hw_platform_0.
21:51:24 INFO  : Connected to target on host '127.0.0.1' and port '3121'.
21:51:25 INFO  : Jtag cable 'Digilent Nexys4DDR 210292646203A' is selected.
21:51:25 INFO  : 'jtag frequency' command is executed.
21:51:26 INFO  : 'targets -set -filter {jtag_cable_name =~ "Digilent Nexys4DDR 210292646203A" && level==0} -index 0' command is executed.
21:51:28 INFO  : FPGA configured successfully with bitstream "C:/Users/haighcam/ECE532/proj/client.runs/impl_1/design_1_wrapper.bit"
21:51:28 INFO  : 'configparams mdm-detect-bscan-mask 2' command is executed.
21:51:29 INFO  : Context for processor 'microblaze_0' is selected.
21:51:29 INFO  : Processor reset is completed for 'microblaze_0'.
21:51:29 INFO  : Context for processor 'microblaze_0' is selected.
21:51:30 INFO  : The application 'C:/Users/haighcam/ECE532/sdk/client/Debug/client.elf' is downloaded to processor 'microblaze_0'.
21:51:30 INFO  : ----------------XSDB Script----------------
connect -url tcp:127.0.0.1:3121
targets -set -filter {jtag_cable_name =~ "Digilent Nexys4DDR 210292646203A" && level==0} -index 0
fpga -file C:/Users/haighcam/ECE532/proj/client.runs/impl_1/design_1_wrapper.bit
configparams mdm-detect-bscan-mask 2
targets -set -nocase -filter {name =~ "microblaze*#0" && bscan=="USER2"  && jtag_cable_name =~ "Digilent Nexys4DDR 210292646203A"} -index 0
rst -processor
targets -set -nocase -filter {name =~ "microblaze*#0" && bscan=="USER2"  && jtag_cable_name =~ "Digilent Nexys4DDR 210292646203A"} -index 0
dow C:/Users/haighcam/ECE532/sdk/client/Debug/client.elf
----------------End of Script----------------

21:51:30 INFO  : Context for processor 'microblaze_0' is selected.
21:51:30 INFO  : 'con' command is executed.
21:51:30 INFO  : ----------------XSDB Script (After Launch)----------------
targets -set -nocase -filter {name =~ "microblaze*#0" && bscan=="USER2"  && jtag_cable_name =~ "Digilent Nexys4DDR 210292646203A"} -index 0
con
----------------End of Script----------------

21:51:30 INFO  : Disconnected from the channel tcfchan#1.
22:03:44 INFO  : Connected to target on host '127.0.0.1' and port '3121'.
22:03:44 INFO  : Jtag cable 'Digilent Nexys4DDR 210292646203A' is selected.
22:03:44 INFO  : 'jtag frequency' command is executed.
22:03:45 INFO  : 'targets -set -filter {jtag_cable_name =~ "Digilent Nexys4DDR 210292646203A" && level==0} -index 0' command is executed.
22:03:47 INFO  : FPGA configured successfully with bitstream "C:/Users/haighcam/ECE532/proj/client.runs/impl_1/design_1_wrapper.bit"
22:03:47 INFO  : 'configparams mdm-detect-bscan-mask 2' command is executed.
22:03:47 INFO  : Context for processor 'microblaze_0' is selected.
22:03:47 INFO  : Processor reset is completed for 'microblaze_0'.
22:03:47 INFO  : Context for processor 'microblaze_0' is selected.
22:03:47 INFO  : The application 'C:/Users/haighcam/ECE532/sdk/client/Debug/client.elf' is downloaded to processor 'microblaze_0'.
22:03:47 INFO  : ----------------XSDB Script----------------
connect -url tcp:127.0.0.1:3121
targets -set -filter {jtag_cable_name =~ "Digilent Nexys4DDR 210292646203A" && level==0} -index 0
fpga -file C:/Users/haighcam/ECE532/proj/client.runs/impl_1/design_1_wrapper.bit
configparams mdm-detect-bscan-mask 2
targets -set -nocase -filter {name =~ "microblaze*#0" && bscan=="USER2"  && jtag_cable_name =~ "Digilent Nexys4DDR 210292646203A"} -index 0
rst -processor
targets -set -nocase -filter {name =~ "microblaze*#0" && bscan=="USER2"  && jtag_cable_name =~ "Digilent Nexys4DDR 210292646203A"} -index 0
dow C:/Users/haighcam/ECE532/sdk/client/Debug/client.elf
----------------End of Script----------------

22:03:47 INFO  : Context for processor 'microblaze_0' is selected.
22:03:47 INFO  : 'con' command is executed.
22:03:47 INFO  : ----------------XSDB Script (After Launch)----------------
targets -set -nocase -filter {name =~ "microblaze*#0" && bscan=="USER2"  && jtag_cable_name =~ "Digilent Nexys4DDR 210292646203A"} -index 0
con
----------------End of Script----------------

22:03:48 INFO  : Disconnected from the channel tcfchan#2.
22:12:43 INFO  : Connected to target on host '127.0.0.1' and port '3121'.
22:12:43 INFO  : Jtag cable 'Digilent Nexys4DDR 210292646203A' is selected.
22:12:43 INFO  : 'jtag frequency' command is executed.
22:12:43 INFO  : 'targets -set -filter {jtag_cable_name =~ "Digilent Nexys4DDR 210292646203A" && level==0} -index 0' command is executed.
22:12:45 INFO  : FPGA configured successfully with bitstream "C:/Users/haighcam/ECE532/proj/client.runs/impl_1/design_1_wrapper.bit"
22:12:45 INFO  : 'configparams mdm-detect-bscan-mask 2' command is executed.
22:12:45 INFO  : Context for processor 'microblaze_0' is selected.
22:12:45 INFO  : Processor reset is completed for 'microblaze_0'.
22:12:45 INFO  : Context for processor 'microblaze_0' is selected.
22:12:46 INFO  : The application 'C:/Users/haighcam/ECE532/sdk/client/Debug/client.elf' is downloaded to processor 'microblaze_0'.
22:12:46 INFO  : ----------------XSDB Script----------------
connect -url tcp:127.0.0.1:3121
targets -set -filter {jtag_cable_name =~ "Digilent Nexys4DDR 210292646203A" && level==0} -index 0
fpga -file C:/Users/haighcam/ECE532/proj/client.runs/impl_1/design_1_wrapper.bit
configparams mdm-detect-bscan-mask 2
targets -set -nocase -filter {name =~ "microblaze*#0" && bscan=="USER2"  && jtag_cable_name =~ "Digilent Nexys4DDR 210292646203A"} -index 0
rst -processor
targets -set -nocase -filter {name =~ "microblaze*#0" && bscan=="USER2"  && jtag_cable_name =~ "Digilent Nexys4DDR 210292646203A"} -index 0
dow C:/Users/haighcam/ECE532/sdk/client/Debug/client.elf
----------------End of Script----------------

22:12:46 INFO  : Context for processor 'microblaze_0' is selected.
22:12:46 INFO  : 'con' command is executed.
22:12:46 INFO  : ----------------XSDB Script (After Launch)----------------
targets -set -nocase -filter {name =~ "microblaze*#0" && bscan=="USER2"  && jtag_cable_name =~ "Digilent Nexys4DDR 210292646203A"} -index 0
con
----------------End of Script----------------

22:12:46 INFO  : Disconnected from the channel tcfchan#3.
22:16:21 INFO  : Connected to target on host '127.0.0.1' and port '3121'.
22:16:21 INFO  : Jtag cable 'Digilent Nexys4DDR 210292646203A' is selected.
22:16:21 INFO  : 'jtag frequency' command is executed.
22:16:21 INFO  : 'targets -set -filter {jtag_cable_name =~ "Digilent Nexys4DDR 210292646203A" && level==0} -index 0' command is executed.
22:16:23 INFO  : FPGA configured successfully with bitstream "C:/Users/haighcam/ECE532/proj/client.runs/impl_1/design_1_wrapper.bit"
22:16:23 INFO  : 'configparams mdm-detect-bscan-mask 2' command is executed.
22:16:23 INFO  : Context for processor 'microblaze_0' is selected.
22:16:23 INFO  : Processor reset is completed for 'microblaze_0'.
22:16:23 INFO  : Context for processor 'microblaze_0' is selected.
22:16:24 INFO  : The application 'C:/Users/haighcam/ECE532/sdk/client/Debug/client.elf' is downloaded to processor 'microblaze_0'.
22:16:24 INFO  : ----------------XSDB Script----------------
connect -url tcp:127.0.0.1:3121
targets -set -filter {jtag_cable_name =~ "Digilent Nexys4DDR 210292646203A" && level==0} -index 0
fpga -file C:/Users/haighcam/ECE532/proj/client.runs/impl_1/design_1_wrapper.bit
configparams mdm-detect-bscan-mask 2
targets -set -nocase -filter {name =~ "microblaze*#0" && bscan=="USER2"  && jtag_cable_name =~ "Digilent Nexys4DDR 210292646203A"} -index 0
rst -processor
targets -set -nocase -filter {name =~ "microblaze*#0" && bscan=="USER2"  && jtag_cable_name =~ "Digilent Nexys4DDR 210292646203A"} -index 0
dow C:/Users/haighcam/ECE532/sdk/client/Debug/client.elf
----------------End of Script----------------

22:16:24 INFO  : Context for processor 'microblaze_0' is selected.
22:16:24 INFO  : 'con' command is executed.
22:16:24 INFO  : ----------------XSDB Script (After Launch)----------------
targets -set -nocase -filter {name =~ "microblaze*#0" && bscan=="USER2"  && jtag_cable_name =~ "Digilent Nexys4DDR 210292646203A"} -index 0
con
----------------End of Script----------------

22:16:24 INFO  : Disconnected from the channel tcfchan#4.
22:19:50 INFO  : Connected to target on host '127.0.0.1' and port '3121'.
22:19:51 INFO  : Jtag cable 'Digilent Nexys4DDR 210292646203A' is selected.
22:19:51 INFO  : 'jtag frequency' command is executed.
22:19:51 INFO  : 'targets -set -filter {jtag_cable_name =~ "Digilent Nexys4DDR 210292646203A" && level==0} -index 0' command is executed.
22:19:53 INFO  : FPGA configured successfully with bitstream "C:/Users/haighcam/ECE532/proj/client.runs/impl_1/design_1_wrapper.bit"
22:19:53 INFO  : 'configparams mdm-detect-bscan-mask 2' command is executed.
22:19:53 INFO  : Context for processor 'microblaze_0' is selected.
22:19:53 INFO  : Processor reset is completed for 'microblaze_0'.
22:19:53 INFO  : Context for processor 'microblaze_0' is selected.
22:19:54 INFO  : The application 'C:/Users/haighcam/ECE532/sdk/client/Debug/client.elf' is downloaded to processor 'microblaze_0'.
22:19:54 INFO  : ----------------XSDB Script----------------
connect -url tcp:127.0.0.1:3121
targets -set -filter {jtag_cable_name =~ "Digilent Nexys4DDR 210292646203A" && level==0} -index 0
fpga -file C:/Users/haighcam/ECE532/proj/client.runs/impl_1/design_1_wrapper.bit
configparams mdm-detect-bscan-mask 2
targets -set -nocase -filter {name =~ "microblaze*#0" && bscan=="USER2"  && jtag_cable_name =~ "Digilent Nexys4DDR 210292646203A"} -index 0
rst -processor
targets -set -nocase -filter {name =~ "microblaze*#0" && bscan=="USER2"  && jtag_cable_name =~ "Digilent Nexys4DDR 210292646203A"} -index 0
dow C:/Users/haighcam/ECE532/sdk/client/Debug/client.elf
----------------End of Script----------------

22:19:54 INFO  : Context for processor 'microblaze_0' is selected.
22:19:54 INFO  : 'con' command is executed.
22:19:54 INFO  : ----------------XSDB Script (After Launch)----------------
targets -set -nocase -filter {name =~ "microblaze*#0" && bscan=="USER2"  && jtag_cable_name =~ "Digilent Nexys4DDR 210292646203A"} -index 0
con
----------------End of Script----------------

22:19:54 INFO  : Disconnected from the channel tcfchan#5.
22:26:08 INFO  : Connected to target on host '127.0.0.1' and port '3121'.
22:26:08 INFO  : Jtag cable 'Digilent Nexys4DDR 210292646203A' is selected.
22:26:08 INFO  : 'jtag frequency' command is executed.
22:26:08 INFO  : 'targets -set -filter {jtag_cable_name =~ "Digilent Nexys4DDR 210292646203A" && level==0} -index 0' command is executed.
22:26:11 INFO  : FPGA configured successfully with bitstream "C:/Users/haighcam/ECE532/proj/client.runs/impl_1/design_1_wrapper.bit"
22:26:11 INFO  : 'configparams mdm-detect-bscan-mask 2' command is executed.
22:26:11 INFO  : Context for processor 'microblaze_0' is selected.
22:26:11 INFO  : Processor reset is completed for 'microblaze_0'.
22:26:11 INFO  : Context for processor 'microblaze_0' is selected.
22:26:11 INFO  : The application 'C:/Users/haighcam/ECE532/sdk/client/Debug/client.elf' is downloaded to processor 'microblaze_0'.
22:26:11 INFO  : ----------------XSDB Script----------------
connect -url tcp:127.0.0.1:3121
targets -set -filter {jtag_cable_name =~ "Digilent Nexys4DDR 210292646203A" && level==0} -index 0
fpga -file C:/Users/haighcam/ECE532/proj/client.runs/impl_1/design_1_wrapper.bit
configparams mdm-detect-bscan-mask 2
targets -set -nocase -filter {name =~ "microblaze*#0" && bscan=="USER2"  && jtag_cable_name =~ "Digilent Nexys4DDR 210292646203A"} -index 0
rst -processor
targets -set -nocase -filter {name =~ "microblaze*#0" && bscan=="USER2"  && jtag_cable_name =~ "Digilent Nexys4DDR 210292646203A"} -index 0
dow C:/Users/haighcam/ECE532/sdk/client/Debug/client.elf
----------------End of Script----------------

22:26:11 INFO  : Context for processor 'microblaze_0' is selected.
22:26:11 INFO  : 'con' command is executed.
22:26:11 INFO  : ----------------XSDB Script (After Launch)----------------
targets -set -nocase -filter {name =~ "microblaze*#0" && bscan=="USER2"  && jtag_cable_name =~ "Digilent Nexys4DDR 210292646203A"} -index 0
con
----------------End of Script----------------

22:26:11 INFO  : Disconnected from the channel tcfchan#6.
22:29:23 INFO  : Connected to target on host '127.0.0.1' and port '3121'.
22:29:23 INFO  : Jtag cable 'Digilent Nexys4DDR 210292646203A' is selected.
22:29:23 INFO  : 'jtag frequency' command is executed.
22:29:23 INFO  : 'targets -set -filter {jtag_cable_name =~ "Digilent Nexys4DDR 210292646203A" && level==0} -index 0' command is executed.
22:29:25 INFO  : FPGA configured successfully with bitstream "C:/Users/haighcam/ECE532/proj/client.runs/impl_1/design_1_wrapper.bit"
22:29:25 INFO  : 'configparams mdm-detect-bscan-mask 2' command is executed.
22:29:25 INFO  : Context for processor 'microblaze_0' is selected.
22:29:26 INFO  : Processor reset is completed for 'microblaze_0'.
22:29:26 INFO  : Context for processor 'microblaze_0' is selected.
22:29:26 INFO  : The application 'C:/Users/haighcam/ECE532/sdk/client/Debug/client.elf' is downloaded to processor 'microblaze_0'.
22:29:26 INFO  : ----------------XSDB Script----------------
connect -url tcp:127.0.0.1:3121
targets -set -filter {jtag_cable_name =~ "Digilent Nexys4DDR 210292646203A" && level==0} -index 0
fpga -file C:/Users/haighcam/ECE532/proj/client.runs/impl_1/design_1_wrapper.bit
configparams mdm-detect-bscan-mask 2
targets -set -nocase -filter {name =~ "microblaze*#0" && bscan=="USER2"  && jtag_cable_name =~ "Digilent Nexys4DDR 210292646203A"} -index 0
rst -processor
targets -set -nocase -filter {name =~ "microblaze*#0" && bscan=="USER2"  && jtag_cable_name =~ "Digilent Nexys4DDR 210292646203A"} -index 0
dow C:/Users/haighcam/ECE532/sdk/client/Debug/client.elf
----------------End of Script----------------

22:29:26 INFO  : Context for processor 'microblaze_0' is selected.
22:29:26 INFO  : 'con' command is executed.
22:29:26 INFO  : ----------------XSDB Script (After Launch)----------------
targets -set -nocase -filter {name =~ "microblaze*#0" && bscan=="USER2"  && jtag_cable_name =~ "Digilent Nexys4DDR 210292646203A"} -index 0
con
----------------End of Script----------------

22:29:26 INFO  : Disconnected from the channel tcfchan#7.
22:34:40 INFO  : Connected to target on host '127.0.0.1' and port '3121'.
22:34:40 INFO  : Jtag cable 'Digilent Nexys4DDR 210292646203A' is selected.
22:34:40 INFO  : 'jtag frequency' command is executed.
22:34:40 INFO  : 'targets -set -filter {jtag_cable_name =~ "Digilent Nexys4DDR 210292646203A" && level==0} -index 0' command is executed.
22:34:42 INFO  : FPGA configured successfully with bitstream "C:/Users/haighcam/ECE532/proj/client.runs/impl_1/design_1_wrapper.bit"
22:34:42 INFO  : 'configparams mdm-detect-bscan-mask 2' command is executed.
22:34:43 INFO  : Context for processor 'microblaze_0' is selected.
22:34:43 INFO  : Processor reset is completed for 'microblaze_0'.
22:34:43 INFO  : Context for processor 'microblaze_0' is selected.
22:34:43 INFO  : The application 'C:/Users/haighcam/ECE532/sdk/client/Debug/client.elf' is downloaded to processor 'microblaze_0'.
22:34:43 INFO  : ----------------XSDB Script----------------
connect -url tcp:127.0.0.1:3121
targets -set -filter {jtag_cable_name =~ "Digilent Nexys4DDR 210292646203A" && level==0} -index 0
fpga -file C:/Users/haighcam/ECE532/proj/client.runs/impl_1/design_1_wrapper.bit
configparams mdm-detect-bscan-mask 2
targets -set -nocase -filter {name =~ "microblaze*#0" && bscan=="USER2"  && jtag_cable_name =~ "Digilent Nexys4DDR 210292646203A"} -index 0
rst -processor
targets -set -nocase -filter {name =~ "microblaze*#0" && bscan=="USER2"  && jtag_cable_name =~ "Digilent Nexys4DDR 210292646203A"} -index 0
dow C:/Users/haighcam/ECE532/sdk/client/Debug/client.elf
----------------End of Script----------------

22:34:43 INFO  : Context for processor 'microblaze_0' is selected.
22:34:43 INFO  : 'con' command is executed.
22:34:43 INFO  : ----------------XSDB Script (After Launch)----------------
targets -set -nocase -filter {name =~ "microblaze*#0" && bscan=="USER2"  && jtag_cable_name =~ "Digilent Nexys4DDR 210292646203A"} -index 0
con
----------------End of Script----------------

22:34:43 INFO  : Disconnected from the channel tcfchan#8.
22:38:22 INFO  : Connected to target on host '127.0.0.1' and port '3121'.
22:38:22 INFO  : Jtag cable 'Digilent Nexys4DDR 210292646203A' is selected.
22:38:22 INFO  : 'jtag frequency' command is executed.
22:38:22 INFO  : 'targets -set -filter {jtag_cable_name =~ "Digilent Nexys4DDR 210292646203A" && level==0} -index 0' command is executed.
22:38:24 INFO  : FPGA configured successfully with bitstream "C:/Users/haighcam/ECE532/proj/client.runs/impl_1/design_1_wrapper.bit"
22:38:24 INFO  : 'configparams mdm-detect-bscan-mask 2' command is executed.
22:38:24 INFO  : Context for processor 'microblaze_0' is selected.
22:38:24 INFO  : Processor reset is completed for 'microblaze_0'.
22:38:24 INFO  : Context for processor 'microblaze_0' is selected.
22:38:25 INFO  : The application 'C:/Users/haighcam/ECE532/sdk/client/Debug/client.elf' is downloaded to processor 'microblaze_0'.
22:38:25 INFO  : ----------------XSDB Script----------------
connect -url tcp:127.0.0.1:3121
targets -set -filter {jtag_cable_name =~ "Digilent Nexys4DDR 210292646203A" && level==0} -index 0
fpga -file C:/Users/haighcam/ECE532/proj/client.runs/impl_1/design_1_wrapper.bit
configparams mdm-detect-bscan-mask 2
targets -set -nocase -filter {name =~ "microblaze*#0" && bscan=="USER2"  && jtag_cable_name =~ "Digilent Nexys4DDR 210292646203A"} -index 0
rst -processor
targets -set -nocase -filter {name =~ "microblaze*#0" && bscan=="USER2"  && jtag_cable_name =~ "Digilent Nexys4DDR 210292646203A"} -index 0
dow C:/Users/haighcam/ECE532/sdk/client/Debug/client.elf
----------------End of Script----------------

22:38:25 INFO  : Context for processor 'microblaze_0' is selected.
22:38:25 INFO  : 'con' command is executed.
22:38:25 INFO  : ----------------XSDB Script (After Launch)----------------
targets -set -nocase -filter {name =~ "microblaze*#0" && bscan=="USER2"  && jtag_cable_name =~ "Digilent Nexys4DDR 210292646203A"} -index 0
con
----------------End of Script----------------

22:38:25 INFO  : Disconnected from the channel tcfchan#9.
22:44:21 INFO  : Connected to target on host '127.0.0.1' and port '3121'.
22:44:22 INFO  : Jtag cable 'Digilent Nexys4DDR 210292646203A' is selected.
22:44:22 INFO  : 'jtag frequency' command is executed.
22:44:22 INFO  : 'targets -set -filter {jtag_cable_name =~ "Digilent Nexys4DDR 210292646203A" && level==0} -index 0' command is executed.
22:44:24 INFO  : FPGA configured successfully with bitstream "C:/Users/haighcam/ECE532/proj/client.runs/impl_1/design_1_wrapper.bit"
22:44:24 INFO  : 'configparams mdm-detect-bscan-mask 2' command is executed.
22:44:24 INFO  : Context for processor 'microblaze_0' is selected.
22:44:24 INFO  : Processor reset is completed for 'microblaze_0'.
22:44:24 INFO  : Context for processor 'microblaze_0' is selected.
22:44:25 INFO  : The application 'C:/Users/haighcam/ECE532/sdk/client/Debug/client.elf' is downloaded to processor 'microblaze_0'.
22:44:25 INFO  : ----------------XSDB Script----------------
connect -url tcp:127.0.0.1:3121
targets -set -filter {jtag_cable_name =~ "Digilent Nexys4DDR 210292646203A" && level==0} -index 0
fpga -file C:/Users/haighcam/ECE532/proj/client.runs/impl_1/design_1_wrapper.bit
configparams mdm-detect-bscan-mask 2
targets -set -nocase -filter {name =~ "microblaze*#0" && bscan=="USER2"  && jtag_cable_name =~ "Digilent Nexys4DDR 210292646203A"} -index 0
rst -processor
targets -set -nocase -filter {name =~ "microblaze*#0" && bscan=="USER2"  && jtag_cable_name =~ "Digilent Nexys4DDR 210292646203A"} -index 0
dow C:/Users/haighcam/ECE532/sdk/client/Debug/client.elf
----------------End of Script----------------

22:44:25 INFO  : Context for processor 'microblaze_0' is selected.
22:44:25 INFO  : 'con' command is executed.
22:44:25 INFO  : ----------------XSDB Script (After Launch)----------------
targets -set -nocase -filter {name =~ "microblaze*#0" && bscan=="USER2"  && jtag_cable_name =~ "Digilent Nexys4DDR 210292646203A"} -index 0
con
----------------End of Script----------------

22:44:25 INFO  : Disconnected from the channel tcfchan#10.
22:46:08 INFO  : Connected to target on host '127.0.0.1' and port '3121'.
22:46:09 INFO  : Jtag cable 'Digilent Nexys4DDR 210292646203A' is selected.
22:46:09 INFO  : 'jtag frequency' command is executed.
22:46:09 INFO  : 'targets -set -filter {jtag_cable_name =~ "Digilent Nexys4DDR 210292646203A" && level==0} -index 0' command is executed.
22:46:11 INFO  : FPGA configured successfully with bitstream "C:/Users/haighcam/ECE532/proj/client.runs/impl_1/design_1_wrapper.bit"
22:46:11 INFO  : 'configparams mdm-detect-bscan-mask 2' command is executed.
22:46:11 INFO  : Context for processor 'microblaze_0' is selected.
22:46:11 INFO  : Processor reset is completed for 'microblaze_0'.
22:46:11 INFO  : Context for processor 'microblaze_0' is selected.
22:46:12 INFO  : The application 'C:/Users/haighcam/ECE532/sdk/client/Debug/client.elf' is downloaded to processor 'microblaze_0'.
22:46:12 INFO  : ----------------XSDB Script----------------
connect -url tcp:127.0.0.1:3121
targets -set -filter {jtag_cable_name =~ "Digilent Nexys4DDR 210292646203A" && level==0} -index 0
fpga -file C:/Users/haighcam/ECE532/proj/client.runs/impl_1/design_1_wrapper.bit
configparams mdm-detect-bscan-mask 2
targets -set -nocase -filter {name =~ "microblaze*#0" && bscan=="USER2"  && jtag_cable_name =~ "Digilent Nexys4DDR 210292646203A"} -index 0
rst -processor
targets -set -nocase -filter {name =~ "microblaze*#0" && bscan=="USER2"  && jtag_cable_name =~ "Digilent Nexys4DDR 210292646203A"} -index 0
dow C:/Users/haighcam/ECE532/sdk/client/Debug/client.elf
----------------End of Script----------------

22:46:12 INFO  : Context for processor 'microblaze_0' is selected.
22:46:12 INFO  : 'con' command is executed.
22:46:12 INFO  : ----------------XSDB Script (After Launch)----------------
targets -set -nocase -filter {name =~ "microblaze*#0" && bscan=="USER2"  && jtag_cable_name =~ "Digilent Nexys4DDR 210292646203A"} -index 0
con
----------------End of Script----------------

22:46:12 INFO  : Disconnected from the channel tcfchan#11.
22:48:29 INFO  : Connected to target on host '127.0.0.1' and port '3121'.
22:48:30 INFO  : Jtag cable 'Digilent Nexys4DDR 210292646203A' is selected.
22:48:30 INFO  : 'jtag frequency' command is executed.
22:48:30 INFO  : 'targets -set -filter {jtag_cable_name =~ "Digilent Nexys4DDR 210292646203A" && level==0} -index 0' command is executed.
22:48:32 INFO  : FPGA configured successfully with bitstream "C:/Users/haighcam/ECE532/proj/client.runs/impl_1/design_1_wrapper.bit"
22:48:32 INFO  : 'configparams mdm-detect-bscan-mask 2' command is executed.
22:48:32 INFO  : Context for processor 'microblaze_0' is selected.
22:48:32 INFO  : Processor reset is completed for 'microblaze_0'.
22:48:32 INFO  : Context for processor 'microblaze_0' is selected.
22:48:33 INFO  : The application 'C:/Users/haighcam/ECE532/sdk/client/Debug/client.elf' is downloaded to processor 'microblaze_0'.
22:48:33 INFO  : ----------------XSDB Script----------------
connect -url tcp:127.0.0.1:3121
targets -set -filter {jtag_cable_name =~ "Digilent Nexys4DDR 210292646203A" && level==0} -index 0
fpga -file C:/Users/haighcam/ECE532/proj/client.runs/impl_1/design_1_wrapper.bit
configparams mdm-detect-bscan-mask 2
targets -set -nocase -filter {name =~ "microblaze*#0" && bscan=="USER2"  && jtag_cable_name =~ "Digilent Nexys4DDR 210292646203A"} -index 0
rst -processor
targets -set -nocase -filter {name =~ "microblaze*#0" && bscan=="USER2"  && jtag_cable_name =~ "Digilent Nexys4DDR 210292646203A"} -index 0
dow C:/Users/haighcam/ECE532/sdk/client/Debug/client.elf
----------------End of Script----------------

22:48:33 INFO  : Context for processor 'microblaze_0' is selected.
22:48:33 INFO  : 'con' command is executed.
22:48:33 INFO  : ----------------XSDB Script (After Launch)----------------
targets -set -nocase -filter {name =~ "microblaze*#0" && bscan=="USER2"  && jtag_cable_name =~ "Digilent Nexys4DDR 210292646203A"} -index 0
con
----------------End of Script----------------

22:48:33 INFO  : Disconnected from the channel tcfchan#12.
22:49:31 INFO  : Connected to target on host '127.0.0.1' and port '3121'.
22:49:31 INFO  : Jtag cable 'Digilent Nexys4DDR 210292646203A' is selected.
22:49:31 INFO  : 'jtag frequency' command is executed.
22:49:31 INFO  : 'targets -set -filter {jtag_cable_name =~ "Digilent Nexys4DDR 210292646203A" && level==0} -index 0' command is executed.
22:49:33 INFO  : FPGA configured successfully with bitstream "C:/Users/haighcam/ECE532/proj/client.runs/impl_1/design_1_wrapper.bit"
22:49:33 INFO  : 'configparams mdm-detect-bscan-mask 2' command is executed.
22:49:33 INFO  : Context for processor 'microblaze_0' is selected.
22:49:33 INFO  : Processor reset is completed for 'microblaze_0'.
22:49:33 INFO  : Context for processor 'microblaze_0' is selected.
22:49:34 INFO  : The application 'C:/Users/haighcam/ECE532/sdk/client/Debug/client.elf' is downloaded to processor 'microblaze_0'.
22:49:34 INFO  : ----------------XSDB Script----------------
connect -url tcp:127.0.0.1:3121
targets -set -filter {jtag_cable_name =~ "Digilent Nexys4DDR 210292646203A" && level==0} -index 0
fpga -file C:/Users/haighcam/ECE532/proj/client.runs/impl_1/design_1_wrapper.bit
configparams mdm-detect-bscan-mask 2
targets -set -nocase -filter {name =~ "microblaze*#0" && bscan=="USER2"  && jtag_cable_name =~ "Digilent Nexys4DDR 210292646203A"} -index 0
rst -processor
targets -set -nocase -filter {name =~ "microblaze*#0" && bscan=="USER2"  && jtag_cable_name =~ "Digilent Nexys4DDR 210292646203A"} -index 0
dow C:/Users/haighcam/ECE532/sdk/client/Debug/client.elf
----------------End of Script----------------

22:49:34 INFO  : Context for processor 'microblaze_0' is selected.
22:49:34 INFO  : 'con' command is executed.
22:49:34 INFO  : ----------------XSDB Script (After Launch)----------------
targets -set -nocase -filter {name =~ "microblaze*#0" && bscan=="USER2"  && jtag_cable_name =~ "Digilent Nexys4DDR 210292646203A"} -index 0
con
----------------End of Script----------------

22:49:34 INFO  : Disconnected from the channel tcfchan#13.
22:55:26 INFO  : Connected to target on host '127.0.0.1' and port '3121'.
22:55:26 INFO  : 'targets -set -filter {jtag_cable_name =~ "Digilent Nexys4DDR 210292646203A" && level==0} -index 0' command is executed.
22:55:28 INFO  : FPGA configured successfully with bitstream "C:/Users/haighcam/ECE532/sdk/design_1_wrapper_hw_platform_0/download.bit"
22:56:52 INFO  : Connected to target on host '127.0.0.1' and port '3121'.
22:56:52 INFO  : Jtag cable 'Digilent Nexys4DDR 210292646203A' is selected.
22:56:52 INFO  : 'jtag frequency' command is executed.
22:56:52 INFO  : 'targets -set -filter {jtag_cable_name =~ "Digilent Nexys4DDR 210292646203A" && level==0} -index 0' command is executed.
22:56:54 INFO  : FPGA configured successfully with bitstream "C:/Users/haighcam/ECE532/proj/client.runs/impl_1/design_1_wrapper.bit"
22:56:54 INFO  : 'configparams mdm-detect-bscan-mask 2' command is executed.
22:56:55 INFO  : Context for processor 'microblaze_0' is selected.
22:56:55 INFO  : Processor reset is completed for 'microblaze_0'.
22:56:55 INFO  : Context for processor 'microblaze_0' is selected.
22:56:55 INFO  : The application 'C:/Users/haighcam/ECE532/sdk/client/Debug/client.elf' is downloaded to processor 'microblaze_0'.
22:56:55 INFO  : ----------------XSDB Script----------------
connect -url tcp:127.0.0.1:3121
targets -set -filter {jtag_cable_name =~ "Digilent Nexys4DDR 210292646203A" && level==0} -index 0
fpga -file C:/Users/haighcam/ECE532/proj/client.runs/impl_1/design_1_wrapper.bit
configparams mdm-detect-bscan-mask 2
targets -set -nocase -filter {name =~ "microblaze*#0" && bscan=="USER2"  && jtag_cable_name =~ "Digilent Nexys4DDR 210292646203A"} -index 0
rst -processor
targets -set -nocase -filter {name =~ "microblaze*#0" && bscan=="USER2"  && jtag_cable_name =~ "Digilent Nexys4DDR 210292646203A"} -index 0
dow C:/Users/haighcam/ECE532/sdk/client/Debug/client.elf
----------------End of Script----------------

22:56:55 INFO  : Context for processor 'microblaze_0' is selected.
22:56:55 INFO  : 'con' command is executed.
22:56:55 INFO  : ----------------XSDB Script (After Launch)----------------
targets -set -nocase -filter {name =~ "microblaze*#0" && bscan=="USER2"  && jtag_cable_name =~ "Digilent Nexys4DDR 210292646203A"} -index 0
con
----------------End of Script----------------

22:56:55 INFO  : Disconnected from the channel tcfchan#14.
